<?xml version="1.0" encoding="UTF-8"?>
<!-- Generated by org.testng.reporters.JUnitXMLReporter -->
<testsuite hostname="VAIO_elinochka" name="Group of group Test" tests="5" failures="0" timestamp="9 Oct 2018 20:50:13 GMT" time="0.047" errors="0">
  <testcase name="testReverse" time="0.016" classname="com.day6.test.testReverseStrings"/>
  <testcase name="testReverseWordsInArray" time="0.003" classname="com.day6.test.testReverseStrings"/>
  <testcase name="testSumNumbers" time="0.002" classname="com.week2.day4.examples.tests.testComputeSum"/>
  <testcase name="testReverseWordsInArray" time="0.0" classname="com.day5.test.testReverseStrings"/>
  <testcase name="testReverse" time="0.001" classname="com.day5.test.testReverseStrings"/>
</testsuite>
